2021/02/27 19:36:32 main.go:11: test
2021/03/01 19:47:31 bitflyer.go:55: action=doRequest endpoint=https://api.bitflyer.com/v1/ticker
2021/03/01 19:47:32 bitflyer.go:126: action=DateTime, err=parsing time "2021-03-01T10:47:31.06" as "2006-01-02T15:04:05Z07:00": cannot parse "" as "Z07:00"
2021/03/01 19:47:32 bitflyer.go:126: action=DateTime, err=parsing time "2021-03-01T10:47:31.06" as "2006-01-02T15:04:05Z07:00": cannot parse "" as "Z07:00"
2021/03/01 20:12:31 bitflyer.go:166: connecting to wss://ws.lightstream.bitflyer.com/json-rpc
2021/03/02 14:00:48 bitflyer.go:166: connecting to wss://ws.lightstream.bitflyer.com/json-rpc
2021/03/02 22:35:23 bitflyer.go:166: connecting to wss://ws.lightstream.bitflyer.com/json-rpc
2021/03/02 22:35:25 streamdata.go:15: action=StreamIngestionData, {BTC_JPY 2021-03-02T13:35:25.7222342Z 9272228 5.237156e+06 5.238198e+06 0.231 0.001 809.95465848 883.46681565 5.237159e+06 8104.76757452 8104.76757452}
2021/03/02 22:35:26 streamdata.go:15: action=StreamIngestionData, {BTC_JPY 2021-03-02T13:35:26.3774668Z 9272232 5.237156e+06 5.238198e+06 0.231 0.001 810.01465848 882.23819877 5.237159e+06 8104.76757452 8104.76757452}
2021/03/02 22:35:26 streamdata.go:15: action=StreamIngestionData, {BTC_JPY 2021-03-02T13:35:26.8630983Z 9272239 5.237156e+06 5.238198e+06 0.231 0.001 810.06799848 882.53567287 5.237159e+06 8104.76757452 8104.76757452}
2021/03/02 22:35:27 streamdata.go:15: action=StreamIngestionData, {BTC_JPY 2021-03-02T13:35:27.3931247Z 9272257 5.237156e+06 5.238198e+06 0.231 0.001 809.16799848 882.73567287 5.237159e+06 8104.75757352 8104.75757352}
2021/03/02 22:35:28 streamdata.go:15: action=StreamIngestionData, {BTC_JPY 2021-03-02T13:35:27.9568748Z 9272274 5.237156e+06 5.238198e+06 0.231 0.001 808.37961848 882.66491884 5.237159e+06 8104.74757252 8104.74757252}
2021/03/02 22:35:28 streamdata.go:15: action=StreamIngestionData, {BTC_JPY 2021-03-02T13:35:28.3621377Z 9272277 5.237156e+06 5.238198e+06 0.1 0.002 808.24861848 882.72714923 5.237159e+06 8104.64757252 8104.64757252}
2021/03/02 22:35:29 streamdata.go:15: action=StreamIngestionData, {BTC_JPY 2021-03-02T13:35:29.0520831Z 9272283 5.237156e+06 5.238198e+06 0.1 0.002 811.90861848 882.73429923 5.237159e+06 8104.64757252 8104.64757252}
2021/03/02 22:35:29 streamdata.go:15: action=StreamIngestionData, {BTC_JPY 2021-03-02T13:35:29.6608736Z 9272298 5.237156e+06 5.238198e+06 0.1 0.002 811.22999848 882.80059923 5.237159e+06 8104.62047252 8104.62047252}
2021/03/02 22:35:30 streamdata.go:15: action=StreamIngestionData, {BTC_JPY 2021-03-02T13:35:30.2047041Z 9272330 5.236743e+06 5.238046e+06 0.01 0.196 810.3947219 882.824117 5.237031e+06 8104.78169876 8104.78169876}
2021/03/02 22:35:30 streamdata.go:15: action=StreamIngestionData, {BTC_JPY 2021-03-02T13:35:30.7684976Z 9272351 5.235714e+06 5.238045e+06 0.131 0.5051 810.14031893 882.4896366 5.236451e+06 8105.06170173 8105.06170173}
2021/03/02 22:35:31 streamdata.go:15: action=StreamIngestionData, {BTC_JPY 2021-03-02T13:35:31.2841621Z 9272372 5.236018e+06 5.238042e+06 0.06123477 0.01 810.55461164 883.21520154 5.236451e+06 8105.06170173 8105.06170173}
2021/03/02 22:35:31 streamdata.go:15: action=StreamIngestionData, {BTC_JPY 2021-03-02T13:35:31.7698083Z 9272379 5.236018e+06 5.238044e+06 0.06123477 0.1267 810.6435537 883.26520154 5.236451e+06 8105.06170173 8105.06170173}
2021/03/02 22:37:27 bitflyer.go:166: connecting to wss://ws.lightstream.bitflyer.com/json-rpc
2021/03/02 22:37:29 streamdata.go:15: action=StreamIngestionData, {BTC_JPY 2021-03-02T13:37:28.9858789Z 9274187 5.234312e+06 5.236447e+06 0.02 0.06125936 812.20662893 882.10706942 5.235e+06 8081.79117879 8081.79117879}
2021/03/02 22:37:29 streamdata.go:15: action=StreamIngestionData, {BTC_JPY 2021-03-02T13:37:29.4399542Z 9274201 5.234313e+06 5.236447e+06 0.1239 0.06125936 812.17558893 882.7121501 5.235e+06 8081.78017879 8081.78017879}
2021/03/02 22:37:30 streamdata.go:15: action=StreamIngestionData, {BTC_JPY 2021-03-02T13:37:30.0960905Z 9274214 5.234293e+06 5.236878e+06 0.1243 0.00999901 812.21088893 882.37879082 5.234292e+06 8081.92917879 8081.92917879}
2021/03/02 22:37:30 streamdata.go:15: action=StreamIngestionData, {BTC_JPY 2021-03-02T13:37:30.6901664Z 9274234 5.234293e+06 5.236987e+06 0.1449 0.00999901 812.4748327 881.58990976 5.234292e+06 8081.87116661 8081.87116661}
2021/03/02 22:37:31 streamdata.go:15: action=StreamIngestionData, {BTC_JPY 2021-03-02T13:37:31.2692238Z 9274254 5.234295e+06 5.237754e+06 0.20533223 0.00999901 812.27295893 881.25299082 5.234292e+06 8081.87116661 8081.87116661}
2021/03/02 22:37:31 streamdata.go:15: action=StreamIngestionData, {BTC_JPY 2021-03-02T13:37:31.8470575Z 9274272 5.234297e+06 5.237754e+06 0.0851 0.00999901 812.2165267 881.27019082 5.234292e+06 8081.87116661 8081.87116661}
2021/03/02 22:37:32 streamdata.go:15: action=StreamIngestionData, {BTC_JPY 2021-03-02T13:37:32.3615956Z 9274286 5.234311e+06 5.237769e+06 0.00821 0.02 812.43006893 881.22082082 5.234292e+06 8081.84116661 8081.84116661}
2021/03/02 22:37:33 streamdata.go:15: action=StreamIngestionData, {BTC_JPY 2021-03-02T13:37:32.8786187Z 9274299 5.234311e+06 5.237769e+06 0.06821 0.02 812.24496893 881.28942082 5.234292e+06 8081.84116661 8081.84116661}
2021/03/02 22:37:34 streamdata.go:15: action=StreamIngestionData, {BTC_JPY 2021-03-02T13:37:33.8502939Z 9274320 5.234868e+06 5.23787e+06 0.204 0.06 812.78803095 882.75905507 5.234292e+06 8081.84116661 8081.84116661}
2021/03/02 22:37:34 streamdata.go:15: action=StreamIngestionData, {BTC_JPY 2021-03-02T13:37:34.286287Z 9274330 5.234869e+06 5.23787e+06 0.0866 0.06 812.65583095 882.76832507 5.234292e+06 8081.84116661 8081.84116661}
2021/03/02 22:37:35 streamdata.go:15: action=StreamIngestionData, {BTC_JPY 2021-03-02T13:37:34.9762331Z 9274347 5.234884e+06 5.23787e+06 0.00699 0.06 812.70414893 882.87458185 5.234292e+06 8081.84116661 8081.84116661}
2021/03/02 22:37:35 streamdata.go:15: action=StreamIngestionData, {BTC_JPY 2021-03-02T13:37:35.4253588Z 9274359 5.234884e+06 5.23787e+06 0.06 0.06 812.96844893 882.93098185 5.234868e+06 8082.04116661 8082.04116661}
2021/03/02 22:37:36 streamdata.go:15: action=StreamIngestionData, {BTC_JPY 2021-03-02T13:37:36.0997452Z 9274366 5.23542e+06 5.23787e+06 0.06123906 0.06 813.66688799 883.03304695 5.234868e+06 8082.04116661 8082.04116661}
2021/03/02 22:37:36 streamdata.go:15: action=StreamIngestionData, {BTC_JPY 2021-03-02T13:37:36.5965841Z 9274379 5.23542e+06 5.23787e+06 0.06123906 0.06 812.65894918 883.27978367 5.234868e+06 8082.04116661 8082.04116661}
2021/03/02 22:37:37 streamdata.go:15: action=StreamIngestionData, {BTC_JPY 2021-03-02T13:37:37.1590874Z 9274397 5.236763e+06 5.237869e+06 0.00469 0.1255 812.42643918 876.96171367 5.234868e+06 8081.78016561 8081.78016561}
2021/03/02 22:37:37 streamdata.go:15: action=StreamIngestionData, {BTC_JPY 2021-03-02T13:37:37.8954781Z 9274416 5.236763e+06 5.237768e+06 0.00469 0.02 812.38643918 883.11217695 5.234868e+06 8081.78016561 8081.78016561}
2021/03/02 22:37:38 streamdata.go:15: action=StreamIngestionData, {BTC_JPY 2021-03-02T13:37:38.4404449Z 9274423 5.236763e+06 5.237768e+06 0.00469 0.02 812.51092918 883.18051695 5.234868e+06 8081.78016561 8081.78016561}
2021/03/02 22:37:39 streamdata.go:15: action=StreamIngestionData, {BTC_JPY 2021-03-02T13:37:39.0065011Z 9274425 5.236763e+06 5.23787e+06 0.00469 0.06 812.51092918 883.15217695 5.234868e+06 8081.78016561 8081.78016561}
2021/03/02 22:37:39 streamdata.go:15: action=StreamIngestionData, {BTC_JPY 2021-03-02T13:37:39.7617644Z 9274431 5.236763e+06 5.23787e+06 0.00469 0.06 812.49092918 883.27341952 5.234868e+06 8081.37816561 8081.37816561}
2021/03/02 22:37:40 streamdata.go:15: action=StreamIngestionData, {BTC_JPY 2021-03-02T13:37:40.2849747Z 9274434 5.236763e+06 5.23787e+06 0.00469 0.06 812.63092918 883.28193952 5.234868e+06 8081.37816561 8081.37816561}
2021/03/02 22:37:41 streamdata.go:15: action=StreamIngestionData, {BTC_JPY 2021-03-02T13:37:41.4396949Z 9274437 5.236763e+06 5.23787e+06 0.00469 0.06 812.69092918 883.40193952 5.234868e+06 8081.37816561 8081.37816561}
2021/03/02 22:37:42 streamdata.go:15: action=StreamIngestionData, {BTC_JPY 2021-03-02T13:37:41.9110026Z 9274446 5.236763e+06 5.23787e+06 0.00469 0.06 812.64385301 883.39343197 5.234868e+06 8081.37616561 8081.37616561}
2021/03/02 22:37:42 streamdata.go:15: action=StreamIngestionData, {BTC_JPY 2021-03-02T13:37:42.4578414Z 9274452 5.236763e+06 5.23787e+06 0.00469 0.06 812.65896301 883.55343197 5.234868e+06 8081.37616561 8081.37616561}
2021/03/02 22:37:43 streamdata.go:15: action=StreamIngestionData, {BTC_JPY 2021-03-02T13:37:43.0338352Z 9274455 5.236763e+06 5.23787e+06 0.00469 0.06 812.57896301 883.59821197 5.234868e+06 8081.37616561 8081.37616561}
2021/03/02 22:37:44 streamdata.go:15: action=StreamIngestionData, {BTC_JPY 2021-03-02T13:37:43.7886068Z 9274460 5.236763e+06 5.23787e+06 0.00469 0.06 812.64716301 883.44943197 5.234868e+06 8081.36166561 8081.36166561}
2021/03/02 22:37:44 streamdata.go:15: action=StreamIngestionData, {BTC_JPY 2021-03-02T13:37:44.4910075Z 9274505 5.235e+06 5.235121e+06 0.04 0.0289 810.22926856 884.05221615 5.236763e+06 8080.88085561 8080.88085561}
2021/03/02 22:37:45 streamdata.go:15: action=StreamIngestionData, {BTC_JPY 2021-03-02T13:37:44.9609461Z 9274536 5.234292e+06 5.236566e+06 0.01 0.165 806.9579267 883.83705061 5.235e+06 8080.92085561 8080.92085561}
2021/03/02 22:37:45 streamdata.go:15: action=StreamIngestionData, {BTC_JPY 2021-03-02T13:37:45.6620814Z 9274562 5.233198e+06 5.236463e+06 0.05400198 0.02 807.10636868 884.03871284 5.233198e+06 8080.94085363 8080.94085363}
2021/03/02 22:49:53 bitflyer.go:166: connecting to wss://ws.lightstream.bitflyer.com/json-rpc
2021/03/02 22:49:53 streamdata.go:16: action=StreamIngestionData, {BTC_JPY 2021-03-02T13:49:53.6081626Z 9289135 5.229673e+06 5.230991e+06 0.001 0.06133983 811.320905 890.10954208 5.229683e+06 8027.32538446 8027.32538446}
2021/03/02 22:49:54 streamdata.go:16: action=StreamIngestionData, {BTC_JPY 2021-03-02T13:49:54.1944Z 9289149 5.229673e+06 5.230991e+06 0.001 0.06133983 811.27240571 890.15954208 5.229683e+06 8027.32138446 8027.32138446}
2021/03/02 22:49:54 streamdata.go:16: action=StreamIngestionData, {BTC_JPY 2021-03-02T13:49:54.7761755Z 9289160 5.229673e+06 5.230991e+06 0.001 0.06133983 811.35360571 890.22914208 5.229683e+06 8027.31138446 8027.31138446}
2021/03/02 22:49:55 streamdata.go:16: action=StreamIngestionData, {BTC_JPY 2021-03-02T13:49:55.3257602Z 9289178 5.228952e+06 5.23099e+06 0.04 0.141 811.22075571 890.42890225 5.229673e+06 8027.31238446 8027.31238446}
2021/03/02 22:49:56 streamdata.go:16: action=StreamIngestionData, {BTC_JPY 2021-03-02T13:49:55.9051393Z 9289205 5.228952e+06 5.23e+06 0.04 0.043 807.21617159 890.42206396 5.229673e+06 8027.31238446 8027.31238446}
2021/03/02 22:49:56 streamdata.go:16: action=StreamIngestionData, {BTC_JPY 2021-03-02T13:49:56.4044007Z 9289228 5.226456e+06 5.229998e+06 0.204 0.8404 807.09702159 890.74909173 5.228952e+06 8027.35238446 8027.35238446}
2021/03/02 22:49:57 streamdata.go:16: action=StreamIngestionData, {BTC_JPY 2021-03-02T13:49:56.9994627Z 9289240 5.226456e+06 5.229997e+06 0.204 0.2204 807.53685159 890.88641173 5.228952e+06 8027.35238446 8027.35238446}
2021/03/02 22:49:57 streamdata.go:16: action=StreamIngestionData, {BTC_JPY 2021-03-02T13:49:57.5769293Z 9289255 5.226557e+06 5.229561e+06 0.02 0.1022726 807.72048255 890.7346032 5.228952e+06 8027.35238446 8027.35238446}
2021/03/02 22:49:58 streamdata.go:16: action=StreamIngestionData, {BTC_JPY 2021-03-02T13:49:58.18844Z 9289267 5.226558e+06 5.229561e+06 0.0673 0.1022726 807.83995255 890.51143587 5.228952e+06 8027.35238446 8027.35238446}
2021/03/02 22:49:58 streamdata.go:16: action=StreamIngestionData, {BTC_JPY 2021-03-02T13:49:58.7815997Z 9289277 5.226558e+06 5.229558e+06 0.0673 0.01 807.99873255 890.4973681 5.228952e+06 8027.35238446 8027.35238446}
2021/03/02 22:49:59 streamdata.go:16: action=StreamIngestionData, {BTC_JPY 2021-03-02T13:49:59.3250614Z 9289306 5.226557e+06 5.229558e+06 0.02 0.06 811.42616515 890.31981394 5.228952e+06 8027.31438446 8027.31438446}
2021/03/02 22:50:51 bitflyer.go:166: connecting to wss://ws.lightstream.bitflyer.com/json-rpc
2021/03/02 22:50:51 streamdata.go:16: action=StreamIngestionData, {BTC_JPY 2021-03-02T13:50:51.4607183Z 9290453 5.231398e+06 5.232774e+06 0.1 0.06131624 812.18800898 887.39709415 5.231398e+06 8028.5753766 8028.5753766}
2021/03/02 22:50:52 streamdata.go:16: action=StreamIngestionData, {BTC_JPY 2021-03-02T13:50:52.0912603Z 9290460 5.231398e+06 5.232774e+06 0.1 0.06131624 812.02650898 887.28699415 5.231398e+06 8028.5753766 8028.5753766}
2021/03/02 22:50:52 streamdata.go:16: action=StreamIngestionData, {BTC_JPY 2021-03-02T13:50:52.6542545Z 9290471 5.231398e+06 5.232774e+06 0.1 0.06131624 812.44800898 887.7556912 5.231398e+06 8028.5753766 8028.5753766}
2021/03/02 22:50:53 streamdata.go:16: action=StreamIngestionData, {BTC_JPY 2021-03-02T13:50:53.2056488Z 9290478 5.231398e+06 5.232774e+06 0.1 0.06131624 812.10650898 888.0046112 5.231398e+06 8028.5753766 8028.5753766}
2021/03/02 22:50:53 streamdata.go:16: action=StreamIngestionData, {BTC_JPY 2021-03-02T13:50:53.7016875Z 9290532 5.230139e+06 5.230193e+06 0.001 0.1 806.92701206 887.72044568 5.230528e+06 8028.6853766 8028.6853766}
2021/03/02 22:50:54 streamdata.go:16: action=StreamIngestionData, {BTC_JPY 2021-03-02T13:50:54.3256711Z 9290557 5.23003e+06 5.230853e+06 0.00100099 0.102238 807.09148617 888.00722668 5.23003e+06 8028.69537561 8028.69537561}
2021/03/02 22:50:54 streamdata.go:16: action=StreamIngestionData, {BTC_JPY 2021-03-02T13:50:54.8667145Z 9290578 5.23003e+06 5.230852e+06 0.00100099 0.1589 806.40923204 888.14255255 5.23003e+06 8028.69537561 8028.69537561}
2021/03/02 22:50:55 streamdata.go:16: action=StreamIngestionData, {BTC_JPY 2021-03-02T13:50:55.3560913Z 9290613 5.227032e+06 5.230851e+06 0.131 0.26533223 805.07611206 887.96940091 5.22906e+06 8028.6763766 8028.6763766}
2021/03/02 22:50:56 streamdata.go:16: action=StreamIngestionData, {BTC_JPY 2021-03-02T13:50:56.1260024Z 9290634 5.227013e+06 5.230849e+06 0.1 0.1576 806.20311206 888.27918868 5.23e+06 8028.6793766 8028.6793766}
2021/03/02 22:50:56 streamdata.go:16: action=StreamIngestionData, {BTC_JPY 2021-03-02T13:50:56.7505363Z 9290656 5.227263e+06 5.228931e+06 0.06 0.06136258 806.90928718 888.26998223 5.23e+06 8028.6793766 8028.6793766}
2021/03/02 22:50:57 streamdata.go:16: action=StreamIngestionData, {BTC_JPY 2021-03-02T13:50:57.2172108Z 9290671 5.227263e+06 5.228931e+06 0.06 0.06136258 807.26131941 888.45101446 5.23e+06 8028.6793766 8028.6793766}
2021/03/02 22:50:58 streamdata.go:16: action=StreamIngestionData, {BTC_JPY 2021-03-02T13:50:57.9077734Z 9290679 5.227013e+06 5.228931e+06 0.1 0.06136258 807.23131941 888.45101446 5.23e+06 8028.6793766 8028.6793766}
2021/03/02 22:50:58 streamdata.go:16: action=StreamIngestionData, {BTC_JPY 2021-03-02T13:50:58.7681114Z 9290687 5.227013e+06 5.228931e+06 0.1 0.06136258 807.30131941 888.45701446 5.23e+06 8027.9793766 8027.9793766}
2021/03/02 22:50:59 streamdata.go:16: action=StreamIngestionData, {BTC_JPY 2021-03-02T13:50:59.143095Z 9290691 5.227013e+06 5.228931e+06 0.1 0.06136258 807.30131941 888.75701446 5.23e+06 8027.9693766 8027.9693766}
2021/03/02 22:51:00 streamdata.go:16: action=StreamIngestionData, {BTC_JPY 2021-03-02T13:50:59.8784866Z 9290706 5.227013e+06 5.228931e+06 0.1 0.06136258 807.28896941 887.64625446 5.23e+06 8027.9693766 8027.9693766}
2021/03/02 22:51:00 streamdata.go:16: action=StreamIngestionData, {BTC_JPY 2021-03-02T13:51:00.3871991Z 9290721 5.228235e+06 5.229699e+06 0.06 0.06135074 807.36229503 887.94622288 5.228931e+06 8028.0307366 8028.0307366}
2021/03/02 22:51:01 streamdata.go:16: action=StreamIngestionData, {BTC_JPY 2021-03-02T13:51:00.9723687Z 9290735 5.228235e+06 5.229699e+06 0.06 0.06135074 810.71889503 887.97207288 5.228931e+06 8028.0307366 8028.0307366}
2021/03/02 22:51:01 streamdata.go:16: action=StreamIngestionData, {BTC_JPY 2021-03-02T13:51:01.5349345Z 9290752 5.228235e+06 5.23085e+06 0.06 0.08049123 811.18269503 887.40896214 5.23085e+06 8028.59384734 8028.59384734}
2021/03/02 22:51:02 streamdata.go:16: action=StreamIngestionData, {BTC_JPY 2021-03-02T13:51:02.0349425Z 9290775 5.228237e+06 5.231398e+06 0.1601 0.3016 808.39477206 886.99982091 5.23085e+06 8028.57384734 8028.57384734}
2021/03/02 22:51:02 streamdata.go:16: action=StreamIngestionData, {BTC_JPY 2021-03-02T13:51:02.6131632Z 9290802 5.229258e+06 5.231398e+06 0.2 0.3016 807.66053776 886.90216892 5.23085e+06 8028.57384734 8028.57384734}
2021/03/02 22:51:03 streamdata.go:16: action=StreamIngestionData, {BTC_JPY 2021-03-02T13:51:03.1756182Z 9290818 5.229259e+06 5.231398e+06 0.19 0.3016 808.63654429 885.58864885 5.23085e+06 8028.57384734 8028.57384734}
2021/03/02 22:51:03 streamdata.go:16: action=StreamIngestionData, {BTC_JPY 2021-03-02T13:51:03.6765342Z 9290829 5.22926e+06 5.231398e+06 0.1601 0.3016 808.84239429 886.12864885 5.23085e+06 8028.57384734 8028.57384734}
2021/03/02 22:51:04 streamdata.go:16: action=StreamIngestionData, {BTC_JPY 2021-03-02T13:51:04.2636573Z 9290842 5.229262e+06 5.231398e+06 0.07 0.3016 808.63116206 885.48150885 5.23085e+06 8027.55184734 8027.55184734}
2021/03/02 22:51:04 streamdata.go:16: action=StreamIngestionData, {BTC_JPY 2021-03-02T13:51:04.8487026Z 9290848 5.229363e+06 5.231398e+06 0.02 0.3016 808.92099429 885.48915885 5.23085e+06 8027.21518381 8027.21518381}
2021/03/02 22:51:05 streamdata.go:16: action=StreamIngestionData, {BTC_JPY 2021-03-02T13:51:05.5043551Z 9290860 5.229867e+06 5.231398e+06 0.0613283 0.3016 812.55553641 885.51475885 5.23085e+06 8027.01286734 8027.01286734}
2021/03/02 22:51:06 streamdata.go:16: action=StreamIngestionData, {BTC_JPY 2021-03-02T13:51:06.0058576Z 9290868 5.229868e+06 5.231398e+06 0.1601 0.3016 812.68653641 885.64575885 5.23085e+06 8026.84668093 8026.84668093}
2021/03/02 22:51:06 streamdata.go:16: action=StreamIngestionData, {BTC_JPY 2021-03-02T13:51:06.6170939Z 9290874 5.229868e+06 5.231398e+06 0.1601 0.3016 812.74553641 885.70875885 5.23085e+06 8026.84668093 8026.84668093}
2021/03/02 22:51:07 streamdata.go:16: action=StreamIngestionData, {BTC_JPY 2021-03-02T13:51:07.24602Z 9290877 5.229868e+06 5.231398e+06 0.1601 0.3016 812.70553641 885.76875885 5.23085e+06 8026.84668093 8026.84668093}
2021/03/02 22:51:07 streamdata.go:16: action=StreamIngestionData, {BTC_JPY 2021-03-02T13:51:07.7895406Z 9290899 5.231412e+06 5.233185e+06 0.0289 0.06 812.43052588 884.75595794 5.231398e+06 8027.14828093 8027.14828093}
2021/03/02 22:51:08 streamdata.go:16: action=StreamIngestionData, {BTC_JPY 2021-03-02T13:51:08.4018939Z 9290941 5.231423e+06 5.233881e+06 0.2 0.1 812.41195268 883.85682861 5.231398e+06 8027.14828093 8027.14828093}
2021/03/02 22:51:09 streamdata.go:16: action=StreamIngestionData, {BTC_JPY 2021-03-02T13:51:08.9622961Z 9290960 5.231524e+06 5.233881e+06 0.02 0.1 812.30205268 884.08430127 5.231398e+06 8027.14828093 8027.14828093}
2021/03/02 22:51:09 streamdata.go:16: action=StreamIngestionData, {BTC_JPY 2021-03-02T13:51:09.4403862Z 9290974 5.231525e+06 5.233881e+06 0.1628 0.1 812.07895268 883.97584322 5.231398e+06 8027.14828093 8027.14828093}
2021/03/02 22:51:10 streamdata.go:16: action=StreamIngestionData, {BTC_JPY 2021-03-02T13:51:10.0411524Z 9290991 5.231525e+06 5.233881e+06 0.1628 0.1 812.14835268 884.35309789 5.231398e+06 8027.14828093 8027.14828093}
2021/03/02 22:51:10 streamdata.go:16: action=StreamIngestionData, {BTC_JPY 2021-03-02T13:51:10.666471Z 9291012 5.23222e+06 5.233881e+06 0.06130109 0.1 812.55612225 884.91212568 5.231398e+06 8027.03930863 8027.03930863}
2021/03/02 22:51:11 streamdata.go:16: action=StreamIngestionData, {BTC_JPY 2021-03-02T13:51:11.3090964Z 9291029 5.232221e+06 5.233881e+06 0.1628 0.1 812.73966116 884.94912568 5.231398e+06 8027.03930863 8027.03930863}
2021/03/02 22:51:11 streamdata.go:16: action=StreamIngestionData, {BTC_JPY 2021-03-02T13:51:11.8699839Z 9291043 5.231695e+06 5.233881e+06 0.10216848 0.1 812.43772116 886.32117568 5.231398e+06 8027.03930863 8027.03930863}
2021/03/02 22:51:12 streamdata.go:16: action=StreamIngestionData, {BTC_JPY 2021-03-02T13:51:12.4973829Z 9291051 5.231796e+06 5.233881e+06 0.02 0.1 811.00772116 886.38117568 5.231398e+06 8027.03930863 8027.03930863}
2021/03/02 22:51:13 streamdata.go:16: action=StreamIngestionData, {BTC_JPY 2021-03-02T13:51:13.1527184Z 9291061 5.232824e+06 5.233881e+06 0.06129693 0.099 812.30038809 886.94017568 5.233881e+06 8027.04030863 8027.04030863}
2021/03/02 22:51:13 streamdata.go:16: action=StreamIngestionData, {BTC_JPY 2021-03-02T13:51:13.6208858Z 9291064 5.232824e+06 5.233881e+06 0.06129693 0.099 812.50038809 886.94017568 5.233881e+06 8027.04030863 8027.04030863}
2021/03/02 22:51:14 streamdata.go:16: action=StreamIngestionData, {BTC_JPY 2021-03-02T13:51:14.2937691Z 9291080 5.232824e+06 5.233881e+06 0.06129693 0.099 812.45541961 886.96016499 5.233881e+06 8027.04030863 8027.04030863}
2021/03/02 22:51:14 streamdata.go:16: action=StreamIngestionData, {BTC_JPY 2021-03-02T13:51:14.8715999Z 9291092 5.232825e+06 5.234564e+06 0.1632 0.01 812.32004961 885.96826594 5.233881e+06 8027.13930863 8027.13930863}
2021/03/02 22:51:15 streamdata.go:16: action=StreamIngestionData, {BTC_JPY 2021-03-02T13:51:15.4653455Z 9291105 5.233582e+06 5.234564e+06 0.06128642 0.01 812.48219601 887.38264289 5.233881e+06 8027.13930863 8027.13930863}
2021/03/02 22:51:16 streamdata.go:16: action=StreamIngestionData, {BTC_JPY 2021-03-02T13:51:16.0125329Z 9291118 5.233582e+06 5.234564e+06 0.06128642 0.01 813.26243824 887.77937512 5.233881e+06 8027.13930863 8027.13930863}
2021/03/02 22:51:16 streamdata.go:16: action=StreamIngestionData, {BTC_JPY 2021-03-02T13:51:16.6534608Z 9291125 5.233582e+06 5.234564e+06 0.06128642 0.01 813.32322824 887.82986512 5.233881e+06 8027.13930863 8027.13930863}
2021/03/02 22:51:17 streamdata.go:16: action=StreamIngestionData, {BTC_JPY 2021-03-02T13:51:17.4972346Z 9291128 5.233582e+06 5.234564e+06 0.06128642 0.01 813.32950824 887.89846512 5.233881e+06 8027.13930863 8027.13930863}
2021/03/02 22:51:18 streamdata.go:16: action=StreamIngestionData, {BTC_JPY 2021-03-02T13:51:18.0918501Z 9291137 5.233582e+06 5.233881e+06 0.06128642 0.1 813.20630824 888.00630512 5.233881e+06 8027.13930863 8027.13930863}
2021/03/02 22:51:18 streamdata.go:16: action=StreamIngestionData, {BTC_JPY 2021-03-02T13:51:18.591968Z 9291144 5.233582e+06 5.233881e+06 0.06128642 0.1 813.51950824 888.06630512 5.233881e+06 8027.13930863 8027.13930863}
2021/03/02 22:51:19 streamdata.go:16: action=StreamIngestionData, {BTC_JPY 2021-03-02T13:51:19.1076006Z 9291154 5.233582e+06 5.23524e+06 0.06128642 0.00639118 813.47950824 887.5338563 5.23524e+06 8027.70391745 8027.70391745}
2021/03/02 22:51:19 streamdata.go:16: action=StreamIngestionData, {BTC_JPY 2021-03-02T13:51:19.7797889Z 9291164 5.233582e+06 5.23524e+06 0.06128642 0.00639118 813.49380824 887.4800563 5.23524e+06 8027.70391745 8027.70391745}
2021/03/02 22:51:20 streamdata.go:16: action=StreamIngestionData, {BTC_JPY 2021-03-02T13:51:20.5926819Z 9291179 5.232525e+06 5.23524e+06 0.01 0.00639118 813.20304182 887.7477663 5.23524e+06 8027.70391745 8027.70391745}
2021/03/02 22:51:21 streamdata.go:16: action=StreamIngestionData, {BTC_JPY 2021-03-02T13:51:21.1707802Z 9291198 5.232899e+06 5.23524e+06 0.06129058 0.06639118 812.9943324 887.44311732 5.23524e+06 8027.70391745 8027.70391745}
2021/03/02 22:51:22 streamdata.go:16: action=StreamIngestionData, {BTC_JPY 2021-03-02T13:51:21.9060465Z 9291208 5.232899e+06 5.235239e+06 0.06129058 0.1065 812.9993724 887.30067732 5.23524e+06 8027.70391745 8027.70391745}
2021/03/02 22:51:22 streamdata.go:16: action=StreamIngestionData, {BTC_JPY 2021-03-02T13:51:22.4240774Z 9291216 5.232899e+06 5.235239e+06 0.06129058 0.06 813.0693724 887.25417732 5.23524e+06 8027.70391745 8027.70391745}
2021/03/02 22:51:23 streamdata.go:16: action=StreamIngestionData, {BTC_JPY 2021-03-02T13:51:23.0162111Z 9291232 5.232462e+06 5.235238e+06 0.18 0.1064 813.17874766 887.52402721 5.23524e+06 8027.70391745 8027.70391745}
2021/03/02 22:51:23 streamdata.go:16: action=StreamIngestionData, {BTC_JPY 2021-03-02T13:51:23.6416629Z 9291245 5.232263e+06 5.235238e+06 0.1631 0.1064 813.25754531 887.52402721 5.23524e+06 8027.70391745 8027.70391745}
2021/03/02 22:51:24 streamdata.go:16: action=StreamIngestionData, {BTC_JPY 2021-03-02T13:51:24.2473838Z 9291262 5.232263e+06 5.235238e+06 0.1631 0.06 813.18628531 887.15302721 5.235358e+06 8028.00391745 8028.00391745}
2021/03/02 22:51:24 streamdata.go:16: action=StreamIngestionData, {BTC_JPY 2021-03-02T13:51:24.7828862Z 9291278 5.232264e+06 5.235238e+06 0.1623 0.06 813.37648531 887.55682721 5.235358e+06 8028.00391745 8028.00391745}
2021/03/02 22:51:25 streamdata.go:16: action=StreamIngestionData, {BTC_JPY 2021-03-02T13:51:25.3659316Z 9291286 5.232266e+06 5.235238e+06 0.01 0.06 812.63418531 887.55682721 5.235358e+06 8028.00391745 8028.00391745}
2021/03/02 22:51:26 streamdata.go:16: action=StreamIngestionData, {BTC_JPY 2021-03-02T13:51:25.9091297Z 9291294 5.232262e+06 5.235237e+06 0.06129765 0.0577 812.72674531 887.79726721 5.235358e+06 8028.00391745 8028.00391745}
2021/03/02 22:51:26 streamdata.go:16: action=StreamIngestionData, {BTC_JPY 2021-03-02T13:51:26.5013748Z 9291306 5.232262e+06 5.235237e+06 0.06129765 0.06 812.5344395 887.79527502 5.235358e+06 8028.00391745 8028.00391745}
2021/03/02 22:51:27 streamdata.go:16: action=StreamIngestionData, {BTC_JPY 2021-03-02T13:51:27.0970495Z 9291325 5.232263e+06 5.235236e+06 0.1623 0.06 812.7389295 887.86415502 5.235358e+06 8028.00391745 8028.00391745}
2021/03/02 22:51:27 streamdata.go:16: action=StreamIngestionData, {BTC_JPY 2021-03-02T13:51:27.6599211Z 9291334 5.232263e+06 5.235236e+06 0.1623 0.06 812.7489295 887.94127502 5.235358e+06 8028.00391745 8028.00391745}
2021/03/02 22:51:28 streamdata.go:16: action=StreamIngestionData, {BTC_JPY 2021-03-02T13:51:28.1755272Z 9291337 5.232263e+06 5.235236e+06 0.14832796 0.06 813.37495746 887.94127502 5.232263e+06 8028.01788949 8028.01788949}
2021/03/02 22:51:31 streamdata.go:16: action=StreamIngestionData, {BTC_JPY 2021-03-02T13:51:31.6149668Z 9291343 5.232263e+06 5.235236e+06 0.14832796 0.06 813.36664075 887.96981502 5.232263e+06 8027.98688949 8027.98688949}
2021/03/02 22:51:32 streamdata.go:16: action=StreamIngestionData, {BTC_JPY 2021-03-02T13:51:32.0680715Z 9291357 5.232364e+06 5.235236e+06 0.02 0.06 813.55865075 888.03527502 5.232263e+06 8027.98688949 8027.98688949}
2021/03/02 22:51:32 streamdata.go:16: action=StreamIngestionData, {BTC_JPY 2021-03-02T13:51:32.7249661Z 9291372 5.232365e+06 5.235236e+06 0.161 0.06 813.61132279 888.17606502 5.232263e+06 8027.98688949 8027.98688949}
2021/03/02 22:51:33 streamdata.go:16: action=StreamIngestionData, {BTC_JPY 2021-03-02T13:51:33.2314984Z 9291389 5.23277e+06 5.235236e+06 0.0612947 0.06 813.51031984 888.19736502 5.232263e+06 8027.98688949 8027.98688949}
2021/03/02 22:51:33 streamdata.go:16: action=StreamIngestionData, {BTC_JPY 2021-03-02T13:51:33.7564347Z 9291401 5.23277e+06 5.235236e+06 0.0612947 0.06 813.50674984 888.19736502 5.232263e+06 8027.98688949 8027.98688949}
2021/03/02 22:51:34 streamdata.go:16: action=StreamIngestionData, {BTC_JPY 2021-03-02T13:51:34.5382703Z 9291411 5.23277e+06 5.235235e+06 0.0612947 0.0741 813.73774984 888.27146502 5.232263e+06 8027.98688949 8027.98688949}
2021/03/02 22:51:35 streamdata.go:16: action=StreamIngestionData, {BTC_JPY 2021-03-02T13:51:35.3245312Z 9291427 5.232771e+06 5.235236e+06 0.161 0.06 813.79774984 887.89520884 5.232263e+06 8027.98688949 8027.98688949}
2021/03/02 22:51:36 streamdata.go:16: action=StreamIngestionData, {BTC_JPY 2021-03-02T13:51:35.8667568Z 9291435 5.23277e+06 5.235235e+06 0.0612947 0.0736 813.78774984 887.96880884 5.232263e+06 8027.98688949 8027.98688949}
2021/03/02 22:51:36 streamdata.go:16: action=StreamIngestionData, {BTC_JPY 2021-03-02T13:51:36.3994197Z 9291459 5.232144e+06 5.235236e+06 0.01 0.06 812.90902514 887.73073696 5.23277e+06 8028.04817949 8028.04817949}
2021/03/02 22:51:37 streamdata.go:16: action=StreamIngestionData, {BTC_JPY 2021-03-02T13:51:36.9311755Z 9291473 5.231737e+06 5.235235e+06 0.10216275 0.0738 812.72962514 887.89468509 5.23277e+06 8028.04817949 8028.04817949}
2021/03/02 22:51:37 streamdata.go:16: action=StreamIngestionData, {BTC_JPY 2021-03-02T13:51:37.5025636Z 9291492 5.231758e+06 5.235234e+06 0.11 0.1459 812.74877514 888.18771732 5.23277e+06 8028.04817949 8028.04817949}
2021/03/02 22:51:38 streamdata.go:16: action=StreamIngestionData, {BTC_JPY 2021-03-02T13:51:38.1500359Z 9291507 5.231759e+06 5.235234e+06 0.1606 0.2059 812.75151239 888.41111732 5.23277e+06 8028.04817949 8028.04817949}
2021/03/02 22:51:38 streamdata.go:16: action=StreamIngestionData, {BTC_JPY 2021-03-02T13:51:38.7289521Z 9291520 5.23176e+06 5.235233e+06 0.15 0.1063 808.95091239 888.37976732 5.235233e+06 8028.08817949 8028.08817949}
2021/03/02 22:54:40 bitflyer.go:166: connecting to wss://ws.lightstream.bitflyer.com/json-rpc
2021/03/02 22:54:42 streamdata.go:16: action=StreamIngestionData, {BTC_JPY 2021-03-02T13:54:42.1935183Z 9294916 5.241232e+06 5.24212e+06 0.1325 0.936245 816.64189468 882.55594189 5.24212e+06 8010.43761796 8010.43761796}
2021/03/02 22:54:42 streamdata.go:16: action=StreamIngestionData, {BTC_JPY 2021-03-02T13:54:42.6967154Z 9294943 5.241234e+06 5.24212e+06 0.1292 0.919044 815.62989468 884.3903137 5.24212e+06 8010.45481896 8010.45481896}
2021/03/02 22:54:43 streamdata.go:16: action=StreamIngestionData, {BTC_JPY 2021-03-02T13:54:43.2955046Z 9294980 5.242449e+06 5.244e+06 0.23 0.190999 813.78569168 881.7272413 5.244e+06 8012.48386396 8012.48386396}
2021/03/02 22:54:43 streamdata.go:16: action=StreamIngestionData, {BTC_JPY 2021-03-02T13:54:43.8040202Z 9295002 5.2431e+06 5.244e+06 0.2 0.180998 813.09469168 880.42176749 5.244e+06 8012.42143163 8012.42143163}
2021/03/02 22:54:44 streamdata.go:16: action=StreamIngestionData, {BTC_JPY 2021-03-02T13:54:44.2944429Z 9295033 5.243101e+06 5.244e+06 0.02 0.10984246 813.15768094 880.9253995 5.244e+06 8012.2550205 8012.2550205}
2021/03/02 22:54:45 streamdata.go:16: action=StreamIngestionData, {BTC_JPY 2021-03-02T13:54:44.8995653Z 9295049 5.242345e+06 5.244e+06 0.1303 0.09984146 813.11030023 881.0920185 5.244e+06 8012.2650215 8012.2650215}
2021/03/02 22:54:45 streamdata.go:16: action=StreamIngestionData, {BTC_JPY 2021-03-02T13:54:45.4203156Z 9295068 5.243102e+06 5.244e+06 0.2 0.08984046 813.28243023 880.7705175 5.244e+06 8012.2724225 8012.2724225}
2021/03/02 22:54:46 streamdata.go:16: action=StreamIngestionData, {BTC_JPY 2021-03-02T13:54:45.9934435Z 9295079 5.243102e+06 5.244e+06 0.2 0.08984046 813.52190023 880.8213975 5.244e+06 8012.2724225 8012.2724225}
2021/03/02 22:54:46 streamdata.go:16: action=StreamIngestionData, {BTC_JPY 2021-03-02T13:54:46.3891106Z 9295096 5.243104e+06 5.244e+06 0.1281 0.06983846 813.60610023 880.7888955 5.244e+06 8012.2924245 8012.2924245}
2021/03/02 22:54:47 streamdata.go:16: action=StreamIngestionData, {BTC_JPY 2021-03-02T13:54:47.1496878Z 9295149 5.244139e+06 5.246e+06 0.2 0.0209 815.28510023 878.12160651 5.245e+06 8014.58365594 8014.58365594}
2021/03/02 22:54:47 streamdata.go:16: action=StreamIngestionData, {BTC_JPY 2021-03-02T13:54:47.7596782Z 9295188 5.244141e+06 5.246e+06 0.04 0.000898 814.93850023 878.04720451 5.246e+06 8014.21412794 8014.21412794}
2021/03/02 22:54:48 streamdata.go:16: action=StreamIngestionData, {BTC_JPY 2021-03-02T13:54:48.3105583Z 9295202 5.244143e+06 5.246e+06 0.01 0.000898 814.73455023 878.10130451 5.246e+06 8014.21412794 8014.21412794}
2021/03/02 22:54:48 streamdata.go:16: action=StreamIngestionData, {BTC_JPY 2021-03-02T13:54:48.8534462Z 9295230 5.244144e+06 5.2468e+06 0.02 0.100948 813.63850323 878.26960451 5.2468e+06 8014.31412794 8014.31412794}
2021/03/02 22:54:49 streamdata.go:16: action=StreamIngestionData, {BTC_JPY 2021-03-02T13:54:49.3594327Z 9295243 5.244145e+06 5.2468e+06 0.02 0.080948 810.23850323 878.28570451 5.2468e+06 8014.20362794 8014.20362794}
2021/03/02 22:54:50 streamdata.go:16: action=StreamIngestionData, {BTC_JPY 2021-03-02T13:54:49.9950302Z 9295264 5.244247e+06 5.2468e+06 0.1275 0.079948 810.47510323 878.03990451 5.2468e+06 8014.20462794 8014.20462794}
2021/03/02 22:54:50 streamdata.go:16: action=StreamIngestionData, {BTC_JPY 2021-03-02T13:54:50.4218591Z 9295284 5.24507e+06 5.2468e+06 0.06113648 0.065948 811.12153898 877.74187026 5.2468e+06 8014.21862794 8014.21862794}
2021/03/02 22:54:51 streamdata.go:16: action=StreamIngestionData, {BTC_JPY 2021-03-02T13:54:51.035969Z 9295300 5.245071e+06 5.2468e+06 0.02 0.055947 810.15923898 877.99186926 5.2468e+06 8014.22862894 8014.22862894}
2021/03/02 22:54:51 streamdata.go:16: action=StreamIngestionData, {BTC_JPY 2021-03-02T13:54:51.5590517Z 9295321 5.245085e+06 5.2468e+06 0.00911 0.035947 810.08784898 878.05556926 5.2468e+06 8014.24862894 8014.24862894}
2021/03/02 22:54:52 streamdata.go:16: action=StreamIngestionData, {BTC_JPY 2021-03-02T13:54:52.1528319Z 9295340 5.24507e+06 5.2468e+06 0.06113648 0.035947 809.59323898 879.20448663 5.2468e+06 8014.24862894 8014.24862894}
2021/03/02 22:54:52 streamdata.go:16: action=StreamIngestionData, {BTC_JPY 2021-03-02T13:54:52.762416Z 9295354 5.245072e+06 5.2468e+06 0.02 0.035947 813.39383898 879.13655663 5.2468e+06 8014.24862894 8014.24862894}
2021/03/02 22:54:53 streamdata.go:16: action=StreamIngestionData, {BTC_JPY 2021-03-02T13:54:53.26344Z 9295367 5.245079e+06 5.2468e+06 0.00705 0.035947 813.39088898 877.98763926 5.2468e+06 8014.24862894 8014.24862894}
2021/03/02 23:21:03 bitflyer.go:166: connecting to wss://ws.lightstream.bitflyer.com/json-rpc
2021/03/02 23:21:05 streamdata.go:16: action=StreamIngestionData, {BTC_JPY 2021-03-02T14:21:05.1587215Z 9328824 5.276504e+06 5.278174e+06 0.68 0.02 816.05329388 858.15611065 5.27657e+06 7905.75751289 7905.75751289}
2021/03/02 23:21:05 streamdata.go:16: action=StreamIngestionData, {BTC_JPY 2021-03-02T14:21:05.9249692Z 9328834 5.276507e+06 5.278174e+06 0.01 0.02 816.05469388 858.04551065 5.27657e+06 7905.75751289 7905.75751289}
2021/03/02 23:21:06 streamdata.go:16: action=StreamIngestionData, {BTC_JPY 2021-03-02T14:21:06.6445411Z 9328845 5.276507e+06 5.278174e+06 0.01 0.02 815.92693388 858.28058393 5.27657e+06 7905.75751289 7905.75751289}
2021/03/02 23:21:07 streamdata.go:16: action=StreamIngestionData, {BTC_JPY 2021-03-02T14:21:07.2293515Z 9328855 5.277097e+06 5.278174e+06 0.06071941 0.02 816.33765329 858.26058393 5.27657e+06 7905.31801289 7905.31801289}
2021/03/02 23:21:07 streamdata.go:16: action=StreamIngestionData, {BTC_JPY 2021-03-02T14:21:07.7541309Z 9328862 5.277097e+06 5.278174e+06 0.06071941 0.02 815.3388523 858.39306546 5.27657e+06 7905.31801289 7905.31801289}
2021/03/02 23:21:08 streamdata.go:16: action=StreamIngestionData, {BTC_JPY 2021-03-02T14:21:08.3282113Z 9328884 5.276952e+06 5.279475e+06 0.06 0.01 816.2899123 858.87174393 5.278174e+06 7905.43801289 7905.43801289}
2021/03/02 23:21:09 streamdata.go:16: action=StreamIngestionData, {BTC_JPY 2021-03-02T14:21:09.0823388Z 9328895 5.276953e+06 5.279475e+06 0.104 0.01 816.3896123 858.80073393 5.278174e+06 7905.43801289 7905.43801289}
2021/03/02 23:21:09 streamdata.go:16: action=StreamIngestionData, {BTC_JPY 2021-03-02T14:21:09.6660629Z 9328904 5.277053e+06 5.279475e+06 0.01 0.01 816.28567388 858.65882274 5.278174e+06 7905.43801289 7905.43801289}
2021/03/02 23:21:10 streamdata.go:16: action=StreamIngestionData, {BTC_JPY 2021-03-02T14:21:10.2977905Z 9328908 5.277053e+06 5.279475e+06 0.01 0.01 816.34567388 858.68493779 5.278174e+06 7905.43801289 7905.43801289}
2021/03/02 23:21:10 streamdata.go:16: action=StreamIngestionData, {BTC_JPY 2021-03-02T14:21:10.8335485Z 9328948 5.277293e+06 5.279658e+06 0.2 0.18 816.83618106 858.55493274 5.279475e+06 7905.44517293 7905.44517293}
2021/03/02 23:21:11 streamdata.go:16: action=StreamIngestionData, {BTC_JPY 2021-03-02T14:21:11.437892Z 9328957 5.277308e+06 5.279658e+06 0.00686 0.18 817.01437329 858.57193274 5.279475e+06 7905.44517293 7905.44517293}
2021/03/02 23:21:12 streamdata.go:16: action=StreamIngestionData, {BTC_JPY 2021-03-02T14:21:11.9904796Z 9328967 5.277394e+06 5.279658e+06 0.01 0.16 816.72437329 857.63774253 5.279658e+06 7905.46517293 7905.46517293}
2021/03/02 23:21:12 streamdata.go:16: action=StreamIngestionData, {BTC_JPY 2021-03-02T14:21:12.5223418Z 9328983 5.277394e+06 5.279658e+06 0.01 0.16 816.9281535 858.95496455 5.279658e+06 7905.46417293 7905.46417293}
2021/03/02 23:21:13 streamdata.go:16: action=StreamIngestionData, {BTC_JPY 2021-03-02T14:21:13.1016934Z 9328995 5.277394e+06 5.279658e+06 0.07 0.16 816.8612935 858.95496455 5.279658e+06 7905.46417293 7905.46417293}
2021/03/02 23:21:13 streamdata.go:16: action=StreamIngestionData, {BTC_JPY 2021-03-02T14:21:13.6794397Z 9328996 5.277394e+06 5.279658e+06 0.07 0.16 816.8612935 858.94840455 5.279658e+06 7905.46417293 7905.46417293}
2021/03/02 23:21:14 streamdata.go:16: action=StreamIngestionData, {BTC_JPY 2021-03-02T14:21:14.1794423Z 9329007 5.277395e+06 5.279658e+06 0.1026 0.16 816.41006251 859.08150455 5.279658e+06 7905.46417293 7905.46417293}
2021/03/02 23:21:15 streamdata.go:16: action=StreamIngestionData, {BTC_JPY 2021-03-02T14:21:15.2262858Z 9329009 5.277395e+06 5.279658e+06 0.1026 0.16 816.20239251 859.08150455 5.279658e+06 7905.46417293 7905.46417293}
2021/03/02 23:21:15 streamdata.go:16: action=StreamIngestionData, {BTC_JPY 2021-03-02T14:21:15.8671779Z 9329021 5.277396e+06 5.279658e+06 0.1026 0.16 816.98239251 858.26055087 5.279658e+06 7905.46417293 7905.46417293}
2021/03/02 23:21:16 streamdata.go:16: action=StreamIngestionData, {BTC_JPY 2021-03-02T14:21:16.44832Z 9329033 5.277497e+06 5.28e+06 0.01 0.02 816.92946251 858.10278397 5.279658e+06 7905.63417293 7905.63417293}
2021/03/02 23:21:17 streamdata.go:16: action=StreamIngestionData, {BTC_JPY 2021-03-02T14:21:17.0240997Z 9329068 5.278423e+06 5.282e+06 0.206 0.2 816.78946714 856.23689563 5.281021e+06 7905.81606127 7905.81606127}
2021/03/02 23:21:17 streamdata.go:16: action=StreamIngestionData, {BTC_JPY 2021-03-02T14:21:17.5185689Z 9329097 5.278424e+06 5.282e+06 0.1023 0.2 816.53476066 857.40494563 5.281021e+06 7905.81606127 7905.81606127}
2021/03/02 23:21:18 streamdata.go:16: action=StreamIngestionData, {BTC_JPY 2021-03-02T14:21:18.1340081Z 9329114 5.278426e+06 5.278643e+06 0.01 0.005 816.65379289 857.41774934 5.281021e+06 7905.81606127 7905.81606127}
2021/03/02 23:21:18 streamdata.go:16: action=StreamIngestionData, {BTC_JPY 2021-03-02T14:21:18.6811334Z 9329133 5.278666e+06 5.282e+06 0.2 0.2 817.00379289 857.54374934 5.278643e+06 7905.82106127 7905.82106127}
2021/03/02 23:21:19 streamdata.go:16: action=StreamIngestionData, {BTC_JPY 2021-03-02T14:21:19.1498828Z 9329152 5.278767e+06 5.282e+06 0.01 0.2 816.90189289 856.62595331 5.278643e+06 7905.82106127 7905.82106127}
2021/03/02 23:21:20 streamdata.go:16: action=StreamIngestionData, {BTC_JPY 2021-03-02T14:21:20.0727899Z 9329165 5.278767e+06 5.282e+06 0.01 0.26 816.89901289 858.91890331 5.278643e+06 7905.82106127 7905.82106127}
2021/03/02 23:21:20 streamdata.go:16: action=StreamIngestionData, {BTC_JPY 2021-03-02T14:21:20.6206034Z 9329175 5.279131e+06 5.282e+06 0.06069803 0.26 816.8537543 859.06886472 5.278643e+06 7905.82106127 7905.82106127}
2021/03/02 23:21:21 streamdata.go:16: action=StreamIngestionData, {BTC_JPY 2021-03-02T14:21:21.1049847Z 9329185 5.279132e+06 5.282e+06 0.1023 0.26 816.9738843 859.26886472 5.278643e+06 7905.82106127 7905.82106127}
2021/03/02 23:21:21 streamdata.go:16: action=StreamIngestionData, {BTC_JPY 2021-03-02T14:21:21.7613157Z 9329192 5.279131e+06 5.282e+06 0.06069803 0.26 816.8115843 859.26076472 5.278643e+06 7905.82106127 7905.82106127}
2021/03/02 23:21:23 streamdata.go:16: action=StreamIngestionData, {BTC_JPY 2021-03-02T14:21:22.9493723Z 9329203 5.279232e+06 5.282e+06 0.01 0.26 816.3437543 859.38946472 5.279131e+06 7905.36230123 7905.36230123}
2021/03/02 23:21:23 streamdata.go:16: action=StreamIngestionData, {BTC_JPY 2021-03-02T14:21:23.7791603Z 9329206 5.279232e+06 5.282e+06 0.01 0.26 816.2928543 859.36946472 5.279131e+06 7905.36230123 7905.36230123}
2021/03/02 23:21:24 streamdata.go:16: action=StreamIngestionData, {BTC_JPY 2021-03-02T14:21:24.751628Z 9329212 5.279232e+06 5.282e+06 0.01 0.26 816.3437543 859.44946472 5.279131e+06 7905.36230123 7905.36230123}
2021/03/02 23:21:25 streamdata.go:16: action=StreamIngestionData, {BTC_JPY 2021-03-02T14:21:25.329768Z 9329214 5.279232e+06 5.282e+06 0.01 0.26 816.3501243 859.50946472 5.279131e+06 7905.19106127 7905.19106127}
2021/03/02 23:21:25 streamdata.go:16: action=StreamIngestionData, {BTC_JPY 2021-03-02T14:21:25.8423723Z 9329215 5.279232e+06 5.282e+06 0.01 0.26 816.3501243 859.44876669 5.279131e+06 7905.19106127 7905.19106127}
2021/03/02 23:21:26 streamdata.go:16: action=StreamIngestionData, {BTC_JPY 2021-03-02T14:21:26.38364Z 9329228 5.279232e+06 5.282e+06 0.01 0.2 816.4518243 859.12206669 5.279131e+06 7904.63991958 7904.63991958}
2021/03/02 23:21:42 bitflyer.go:166: connecting to wss://ws.lightstream.bitflyer.com/json-rpc
2021/03/02 23:21:43 streamdata.go:16: action=StreamIngestionData, {BTC_JPY 2021-03-02T14:21:43.4091605Z 9329485 5.279991e+06 5.281707e+06 0.1035 0.06068683 813.34496053 858.42962589 5.279187e+06 7899.99873269 7899.99873269}
2021/03/02 23:21:43 streamdata.go:16: action=StreamIngestionData, {BTC_JPY 2021-03-02T14:21:43.836967Z 9329488 5.279991e+06 5.281707e+06 0.1035 0.06068683 813.14496053 858.57362589 5.279187e+06 7899.99873269 7899.99873269}
2021/03/02 23:21:44 streamdata.go:16: action=StreamIngestionData, {BTC_JPY 2021-03-02T14:21:44.5086762Z 9329502 5.279991e+06 5.281997e+06 0.1635 0.02 813.3141437 858.50755906 5.281707e+06 7900.00406269 7900.00406269}
2021/03/02 23:21:45 streamdata.go:16: action=StreamIngestionData, {BTC_JPY 2021-03-02T14:21:44.9323305Z 9329516 5.279992e+06 5.281997e+06 0.1035 0.02 813.22882498 858.22532034 5.281707e+06 7900.00406269 7900.00406269}
2021/03/02 23:21:45 streamdata.go:16: action=StreamIngestionData, {BTC_JPY 2021-03-02T14:21:45.5889438Z 9329518 5.279992e+06 5.281997e+06 0.1035 0.02 813.33882498 858.39732034 5.281707e+06 7899.96316269 7899.96316269}
2021/03/02 23:21:46 streamdata.go:16: action=StreamIngestionData, {BTC_JPY 2021-03-02T14:21:46.2054285Z 9329526 5.279992e+06 5.281997e+06 0.06 0.02 813.23532498 858.66696034 5.281707e+06 7899.96316269 7899.96316269}
2021/03/02 23:21:46 streamdata.go:16: action=StreamIngestionData, {BTC_JPY 2021-03-02T14:21:46.7022776Z 9329561 5.27999e+06 5.281996e+06 0.45 0.074 813.78393761 858.64048339 5.281707e+06 7899.86316269 7899.86316269}
2021/03/02 23:21:47 streamdata.go:16: action=StreamIngestionData, {BTC_JPY 2021-03-02T14:21:47.3136209Z 9329606 5.278663e+06 5.279492e+06 0.131 0.0289 809.11079289 858.74506211 5.27999e+06 7900.31316269 7900.31316269}
2021/03/02 23:21:47 streamdata.go:16: action=StreamIngestionData, {BTC_JPY 2021-03-02T14:21:47.8392134Z 9329621 5.278663e+06 5.279492e+06 0.131 0.0289 809.58003289 859.18306211 5.27999e+06 7900.31316269 7900.31316269}
2021/03/02 23:21:48 streamdata.go:16: action=StreamIngestionData, {BTC_JPY 2021-03-02T14:21:48.4848135Z 9329626 5.278663e+06 5.279492e+06 0.131 0.0289 809.58003289 859.28648211 5.27999e+06 7900.30316269 7900.30316269}
2021/03/02 23:21:49 streamdata.go:16: action=StreamIngestionData, {BTC_JPY 2021-03-02T14:21:48.9652061Z 9329647 5.278663e+06 5.281892e+06 0.131 0.01 809.54119541 858.78703507 5.279492e+06 7900.33206269 7900.33206269}
2021/03/02 23:21:49 streamdata.go:16: action=StreamIngestionData, {BTC_JPY 2021-03-02T14:21:49.5592664Z 9329669 5.279742e+06 5.282e+06 0.206 0.22968165 809.59736066 858.68103507 5.279492e+06 7900.33206269 7900.33206269}
2021/03/02 23:21:50 streamdata.go:16: action=StreamIngestionData, {BTC_JPY 2021-03-02T14:21:50.1373968Z 9329684 5.279743e+06 5.282e+06 0.1059 0.22968165 810.84569289 858.61183507 5.279492e+06 7900.20106269 7900.20106269}
2021/03/02 23:21:50 streamdata.go:16: action=StreamIngestionData, {BTC_JPY 2021-03-02T14:21:50.6846035Z 9329694 5.279743e+06 5.282e+06 0.1059 0.22968165 810.91458289 858.39483507 5.279492e+06 7900.18106169 7900.18106169}
2021/03/02 23:21:51 streamdata.go:16: action=StreamIngestionData, {BTC_JPY 2021-03-02T14:21:51.2934263Z 9329698 5.279743e+06 5.282e+06 0.1059 0.22968165 814.32458289 858.38483507 5.279492e+06 7900.17106069 7900.17106069}
2021/03/02 23:21:51 streamdata.go:16: action=StreamIngestionData, {BTC_JPY 2021-03-02T14:21:51.794475Z 9329706 5.279759e+06 5.282e+06 0.06067889 0.22968165 814.43479326 858.57044544 5.279492e+06 7900.17106069 7900.17106069}
2021/03/02 23:21:52 streamdata.go:16: action=StreamIngestionData, {BTC_JPY 2021-03-02T14:21:52.3756573Z 9329720 5.279415e+06 5.282e+06 0.06 0.22968165 813.94769289 858.76576655 5.279492e+06 7900.07106069 7900.07106069}
2021/03/02 23:21:52 streamdata.go:16: action=StreamIngestionData, {BTC_JPY 2021-03-02T14:21:52.9046557Z 9329735 5.279492e+06 5.281997e+06 0.1 0.01 814.11462289 858.80743507 5.279492e+06 7900.07106069 7900.07106069}
2021/03/02 23:21:53 streamdata.go:16: action=StreamIngestionData, {BTC_JPY 2021-03-02T14:21:53.5003714Z 9329740 5.279492e+06 5.281997e+06 0.1 0.01 814.02675157 858.68367507 5.279492e+06 7900.07106069 7900.07106069}
2021/03/02 23:21:54 streamdata.go:16: action=StreamIngestionData, {BTC_JPY 2021-03-02T14:21:53.9524393Z 9329746 5.279492e+06 5.281997e+06 0.1 0.01 814.39423932 858.74367507 5.279492e+06 7900.03606019 7900.03606019}
2021/03/02 23:21:54 streamdata.go:16: action=StreamIngestionData, {BTC_JPY 2021-03-02T14:21:54.5621624Z 9329752 5.279492e+06 5.281997e+06 0.1 0.02 814.38948237 859.04650778 5.279492e+06 7900.03606019 7900.03606019}
2021/03/02 23:21:55 streamdata.go:16: action=StreamIngestionData, {BTC_JPY 2021-03-02T14:21:55.0152721Z 9329762 5.279492e+06 5.281997e+06 0.1 0.02 814.8538082 859.10750778 5.279492e+06 7900.03606019 7900.03606019}
2021/03/02 23:21:55 streamdata.go:16: action=StreamIngestionData, {BTC_JPY 2021-03-02T14:21:55.6404203Z 9329766 5.279492e+06 5.281997e+06 0.1 0.02 814.7079082 859.16750778 5.279492e+06 7900.03606019 7900.03606019}
2021/03/02 23:21:56 streamdata.go:16: action=StreamIngestionData, {BTC_JPY 2021-03-02T14:21:56.5963585Z 9329771 5.279492e+06 5.281997e+06 0.1 0.02 815.4579082 859.16750778 5.279492e+06 7900.03606019 7900.03606019}
2021/03/02 23:21:57 streamdata.go:16: action=StreamIngestionData, {BTC_JPY 2021-03-02T14:21:57.0807468Z 9329792 5.279679e+06 5.281997e+06 0.06068312 0.02 815.65905591 858.98025673 5.279492e+06 7900.03105969 7900.03105969}
2021/03/02 23:21:57 streamdata.go:16: action=StreamIngestionData, {BTC_JPY 2021-03-02T14:21:57.6260168Z 9329794 5.279621e+06 5.281997e+06 0.1059 0.02 815.59837279 858.91957361 5.279492e+06 7900.03105969 7900.03105969}
2021/03/02 23:21:58 streamdata.go:16: action=StreamIngestionData, {BTC_JPY 2021-03-02T14:21:58.2132934Z 9329808 5.279679e+06 5.282e+06 0.06 0.22968165 815.35247279 858.92936507 5.279492e+06 7900.03105969 7900.03105969}
